<?xml version="1.0" encoding="UTF-8"?>
<!-- Generated by org.testng.reporters.JUnitXMLReporter -->
<testsuite ignored="1" hostname="Win10-2-221" failures="0" tests="8" name="LogIn" time="7.96" errors="0" timestamp="2022-01-04T22:49:36 IST">
  <testcase classname="testng.DataDrivenTest" name="DataDriven" time="0.008"/>
  <testcase classname="testng.DataDrivenTest" name="DataDriven" time="0.003"/>
  <testcase classname="testng.TestNGGeneratedClass" name="Test4" time="0.005"/>
  <testcase classname="testng.TestNGGeneratedClass" name="Test5" time="0.007"/>
  <testcase classname="testng.TestNGGeneratedClass" name="Test6" time="0.002"/>
  <testcase classname="testng.LoginWithTestNG" name="testCases" time="4.414"/>
  <testcase classname="testng.TestNGGeneratedClass" name="Test3" time="0.003"/>
  <testcase classname="testng.TestNGGeneratedClass" name="Test1" time="0.001"/>
  <testcase classname="testng.TestNGGeneratedClass" name="Test2" time="0.0">
    <ignored/>
  </testcase> <!-- Test2 -->
</testsuite> <!-- LogIn -->
