<?xml version="1.0" encoding="UTF-8"?>
<!-- Generated by org.testng.reporters.JUnitXMLReporter -->
<testsuite ignored="7" hostname="Win10-2-221" failures="0" tests="1" name="ZeroBank" time="0.126" errors="0" timestamp="2022-01-04T22:49:52 IST">
  <testcase classname="testng.TestNGGeneratedClass" name="Test4" time="0.022"/>
  <testcase classname="testng.LoginWithTestNG" name="testCases" time="0.0">
    <ignored/>
  </testcase> <!-- testCases -->
  <testcase classname="testng.DataDrivenTest" name="DataDriven" time="0.0">
    <ignored/>
  </testcase> <!-- DataDriven -->
  <testcase classname="testng.TestNGGeneratedClass" name="Test5" time="0.0">
    <ignored/>
  </testcase> <!-- Test5 -->
  <testcase classname="testng.TestNGGeneratedClass" name="Test6" time="0.0">
    <ignored/>
  </testcase> <!-- Test6 -->
  <testcase classname="testng.TestNGGeneratedClass" name="Test3" time="0.0">
    <ignored/>
  </testcase> <!-- Test3 -->
  <testcase classname="testng.TestNGGeneratedClass" name="Test1" time="0.0">
    <ignored/>
  </testcase> <!-- Test1 -->
  <testcase classname="testng.TestNGGeneratedClass" name="Test2" time="0.0">
    <ignored/>
  </testcase> <!-- Test2 -->
</testsuite> <!-- ZeroBank -->
