<?xml version="1.0" encoding="UTF-8"?>
<!-- Generated by org.testng.reporters.JUnitXMLReporter -->
<testsuite ignored="1" hostname="Win10-2-221" failures="0" tests="2" name="Default test" time="0.105" errors="0" timestamp="2022-01-04T16:44:41 IST">
  <testcase classname="testng.TestNGGeneratedClass" name="Test3" time="0.011"/>
  <testcase classname="testng.TestNGGeneratedClass" name="Test1" time="0.003"/>
  <testcase classname="testng.TestNGGeneratedClass" name="Test2" time="0.0">
    <ignored/>
  </testcase> <!-- Test2 -->
</testsuite> <!-- Default test -->
