<?xml version="1.0" encoding="UTF-8"?>
<testng-results ignored="7" total="8" passed="1" failed="0" skipped="0">
  <reporter-output>
  </reporter-output>
  <suite started-at="2022-01-04T22:49:52 IST" name="TestNGSuite" finished-at="2022-01-04T22:49:52 IST" duration-ms="126">
    <groups>
      <group name="Smoke">
        <method signature="TestNGGeneratedClass.Test4()[pri:0, instance:testng.TestNGGeneratedClass@2df9b86]" name="Test4" class="testng.TestNGGeneratedClass"/>
      </group> <!-- Smoke -->
    </groups>
    <test started-at="2022-01-04T22:49:52 IST" name="ZeroBank" finished-at="2022-01-04T22:49:52 IST" duration-ms="126">
      <class name="testng.TestNGGeneratedClass">
        <test-method signature="Test4()[pri:0, instance:testng.TestNGGeneratedClass@2df9b86]" started-at="2022-01-04T22:49:52 IST" name="Test4" finished-at="2022-01-04T22:49:52 IST" duration-ms="22" status="PASS">
          <reporter-output>
          </reporter-output>
        </test-method> <!-- Test4 -->
      </class> <!-- testng.TestNGGeneratedClass -->
    </test> <!-- ZeroBank -->
  </suite> <!-- TestNGSuite -->
</testng-results>
